13:47:07 **** Incremental Build of configuration Debug for project l3-e4_rpn_calc_templates ****
make all 
Building file: ../src/main.cpp
Invoking: Cross G++ Compiler
g++ -O0 -g3 -Wall -c -fmessage-length=0 -MMD -MP -MF"src/main.d" -MT"src/main.d" -o "src/main.o" "../src/main.cpp"
../src/main.cpp: In function ‘int main()’:
../src/main.cpp:42:16: error: no match for ‘operator>>’ in ‘iss >> num’
../src/main.cpp:42:16: note: candidates are:
In file included from /usr/include/c++/4.7/iostream:41:0,
                 from ../src/main.cpp:1:
/usr/include/c++/4.7/istream:118:7: note: std::basic_istream<_CharT, _Traits>::__istream_type& std::basic_istream<_CharT, _Traits>::operator>>(std::basic_istream<_CharT, _Traits>::__istream_type& (*)(std::basic_istream<_CharT, _Traits>::__istream_type&)) [with _CharT = char; _Traits = std::char_traits<char>; std::basic_istream<_CharT, _Traits>::__istream_type = std::basic_istream<char>]
/usr/include/c++/4.7/istream:118:7: note:   no known conversion for argument 1 from ‘rpn_type {aka fraction}’ to ‘std::basic_istream<char>::__istream_type& (*)(std::basic_istream<char>::__istream_type&) {aka std::basic_istream<char>& (*)(std::basic_istream<char>&)}’
/usr/include/c++/4.7/istream:122:7: note: std::basic_istream<_CharT, _Traits>::__istream_type& std::basic_istream<_CharT, _Traits>::operator>>(std::basic_istream<_CharT, _Traits>::__ios_type& (*)(std::basic_istream<_CharT, _Traits>::__ios_type&)) [with _CharT = char; _Traits = std::char_traits<char>; std::basic_istream<_CharT, _Traits>::__istream_type = std::basic_istream<char>; std::basic_istream<_CharT, _Traits>::__ios_type = std::basic_ios<char>]
/usr/include/c++/4.7/istream:122:7: note:   no known conversion for argument 1 from ‘rpn_type {aka fraction}’ to ‘std::basic_istream<char>::__ios_type& (*)(std::basic_istream<char>::__ios_type&) {aka std::basic_ios<char>& (*)(std::basic_ios<char>&)}’
/usr/include/c++/4.7/istream:129:7: note: std::basic_istream<_CharT, _Traits>::__istream_type& std::basic_istream<_CharT, _Traits>::operator>>(std::ios_base& (*)(std::ios_base&)) [with _CharT = char; _Traits = std::char_traits<char>; std::basic_istream<_CharT, _Traits>::__istream_type = std::basic_istream<char>]
/usr/include/c++/4.7/istream:129:7: note:   no known conversion for argument 1 from ‘rpn_type {aka fraction}’ to ‘std::ios_base& (*)(std::ios_base&)’
/usr/include/c++/4.7/istream:166:7: note: std::basic_istream<_CharT, _Traits>::__istream_type& std::basic_istream<_CharT, _Traits>::operator>>(bool&) [with _CharT = char; _Traits = std::char_traits<char>; std::basic_istream<_CharT, _Traits>::__istream_type = std::basic_istream<char>]
/usr/include/c++/4.7/istream:166:7: note:   no known conversion for argument 1 from ‘rpn_type {aka fraction}’ to ‘bool&’
/usr/include/c++/4.7/istream:170:7: note: std::basic_istream<_CharT, _Traits>& std::basic_istream<_CharT, _Traits>::operator>>(short int&) [with _CharT = char; _Traits = std::char_traits<char>]
/usr/include/c++/4.7/istream:170:7: note:   no known conversion for argument 1 from ‘rpn_type {aka fraction}’ to ‘short int&’
/usr/include/c++/4.7/istream:173:7: note: std::basic_istream<_CharT, _Traits>::__istream_type& std::basic_istream<_CharT, _Traits>::operator>>(short unsigned int&) [with _CharT = char; _Traits = std::char_traits<char>; std::basic_istream<_CharT, _Traits>::__istream_type = std::basic_istream<char>]
/usr/include/c++/4.7/istream:173:7: note:   no known conversion for argument 1 from ‘rpn_type {aka fraction}’ to ‘short unsigned int&’
/usr/include/c++/4.7/istream:177:7: note: std::basic_istream<_CharT, _Traits>& std::basic_istream<_CharT, _Traits>::operator>>(int&) [with _CharT = char; _Traits = std::char_traits<char>]
/usr/include/c++/4.7/istream:177:7: note:   no known conversion for argument 1 from ‘rpn_type {aka fraction}’ to ‘int&’
/usr/include/c++/4.7/istream:180:7: note: std::basic_istream<_CharT, _Traits>::__istream_type& std::basic_istream<_CharT, _Traits>::operator>>(unsigned int&) [with _CharT = char; _Traits = std::char_traits<char>; std::basic_istream<_CharT, _Traits>::__istream_type = std::basic_istream<char>]
/usr/include/c++/4.7/istream:180:7: note:   no known conversion for argument 1 from ‘rpn_type {aka fraction}’ to ‘unsigned int&’
/usr/include/c++/4.7/istream:184:7: note: std::basic_istream<_CharT, _Traits>::__istream_type& std::basic_istream<_CharT, _Traits>::operator>>(long int&) [with _CharT = char; _Traits = std::char_traits<char>; std::basic_istream<_CharT, _Traits>::__istream_type = std::basic_istream<char>]
/usr/include/c++/4.7/istream:184:7: note:   no known conversion for argument 1 from ‘rpn_type {aka fraction}’ to ‘long int&’
/usr/include/c++/4.7/istream:188:7: note: std::basic_istream<_CharT, _Traits>::__istream_type& std::basic_istream<_CharT, _Traits>::operator>>(long unsigned int&) [with _CharT = char; _Traits = std::char_traits<char>; std::basic_istream<_CharT, _Traits>::__istream_type = std::basic_istream<char>]
/usr/include/c++/4.7/istream:188:7: note:   no known conversion for argument 1 from ‘rpn_type {aka fraction}’ to ‘long unsigned int&’
/usr/include/c++/4.7/istream:193:7: note: std::basic_istream<_CharT, _Traits>::__istream_type& std::basic_istream<_CharT, _Traits>::operator>>(long long int&) [with _CharT = char; _Traits = std::char_traits<char>; std::basic_istream<_CharT, _Traits>::__istream_type = std::basic_istream<char>]
/usr/include/c++/4.7/istream:193:7: note:   no known conversion for argument 1 from ‘rpn_type {aka fraction}’ to ‘long long int&’
/usr/include/c++/4.7/istream:197:7: note: std::basic_istream<_CharT, _Traits>::__istream_type& std::basic_istream<_CharT, _Traits>::operator>>(long long unsigned int&) [with _CharT = char; _Traits = std::char_traits<char>; std::basic_istream<_CharT, _Traits>::__istream_type = std::basic_istream<char>]
/usr/include/c++/4.7/istream:197:7: note:   no known conversion for argument 1 from ‘rpn_type {aka fraction}’ to ‘long long unsigned int&’
/usr/include/c++/4.7/istream:212:7: note: std::basic_istream<_CharT, _Traits>::__istream_type& std::basic_istream<_CharT, _Traits>::operator>>(float&) [with _CharT = char; _Traits = std::char_traits<char>; std::basic_istream<_CharT, _Traits>::__istream_type = std::basic_istream<char>]
/usr/include/c++/4.7/istream:212:7: note:   no known conversion for argument 1 from ‘rpn_type {aka fraction}’ to ‘float&’
/usr/include/c++/4.7/istream:216:7: note: std::basic_istream<_CharT, _Traits>::__istream_type& std::basic_istream<_CharT, _Traits>::operator>>(double&) [with _CharT = char; _Traits = std::char_traits<char>; std::basic_istream<_CharT, _Traits>::__istream_type = std::basic_istream<char>]
/usr/include/c++/4.7/istream:216:7: note:   no known conversion for argument 1 from ‘rpn_type {aka fraction}’ to ‘double&’
/usr/include/c++/4.7/istream:220:7: note: std::basic_istream<_CharT, _Traits>::__istream_type& std::basic_istream<_CharT, _Traits>::operator>>(long double&) [with _CharT = char; _Traits = std::char_traits<char>; std::basic_istream<_CharT, _Traits>::__istream_type = std::basic_istream<char>]
/usr/include/c++/4.7/istream:220:7: note:   no known conversion for argument 1 from ‘rpn_type {aka fraction}’ to ‘long double&’
/usr/include/c++/4.7/istream:233:7: note: std::basic_istream<_CharT, _Traits>::__istream_type& std::basic_istream<_CharT, _Traits>::operator>>(void*&) [with _CharT = char; _Traits = std::char_traits<char>; std::basic_istream<_CharT, _Traits>::__istream_type = std::basic_istream<char>]
/usr/include/c++/4.7/istream:233:7: note:   no known conversion for argument 1 from ‘rpn_type {aka fraction}’ to ‘void*&’
/usr/include/c++/4.7/istream:257:7: note: std::basic_istream<_CharT, _Traits>& std::basic_istream<_CharT, _Traits>::operator>>(std::basic_istream<_CharT, _Traits>::__streambuf_type*) [with _CharT = char; _Traits = std::char_traits<char>; std::basic_istream<_CharT, _Traits>::__streambuf_type = std::basic_streambuf<char>]
/usr/include/c++/4.7/istream:257:7: note:   no known conversion for argument 1 from ‘rpn_type {aka fraction}’ to ‘std::basic_istream<char>::__streambuf_type* {aka std::basic_streambuf<char>*}’
/usr/include/c++/4.7/istream:777:5: note: template<class _Traits> std::basic_istream<char, _Traits>& std::operator>>(std::basic_istream<char, _Traits>&, signed char*)
/usr/include/c++/4.7/istream:777:5: note:   template argument deduction/substitution failed:
../src/main.cpp:42:16: note:   cannot convert ‘num’ (type ‘rpn_type {aka fraction}’) to type ‘signed char*’
In file included from /usr/include/c++/4.7/iostream:41:0,
                 from ../src/main.cpp:1:
/usr/include/c++/4.7/istream:772:5: note: template<class _Traits> std::basic_istream<char, _Traits>& std::operator>>(std::basic_istream<char, _Traits>&, unsigned char*)
/usr/include/c++/4.7/istream:772:5: note:   template argument deduction/substitution failed:
../src/main.cpp:42:16: note:   cannot convert ‘num’ (type ‘rpn_type {aka fraction}’) to type ‘unsigned char*’
In file included from /usr/include/c++/4.7/iostream:41:0,
                 from ../src/main.cpp:1:
/usr/include/c++/4.7/istream:730:5: note: template<class _Traits> std::basic_istream<char, _Traits>& std::operator>>(std::basic_istream<char, _Traits>&, signed char&)
/usr/include/c++/4.7/istream:730:5: note:   template argument deduction/substitution failed:
../src/main.cpp:42:16: note:   cannot convert ‘num’ (type ‘rpn_type {aka fraction}’) to type ‘signed char&’
In file included from /usr/include/c++/4.7/iostream:41:0,
                 from ../src/main.cpp:1:
/usr/include/c++/4.7/istream:725:5: note: template<class _Traits> std::basic_istream<char, _Traits>& std::operator>>(std::basic_istream<char, _Traits>&, unsigned char&)
/usr/include/c++/4.7/istream:725:5: note:   template argument deduction/substitution failed:
../src/main.cpp:42:16: note:   cannot convert ‘num’ (type ‘rpn_type {aka fraction}’) to type ‘unsigned char&’
In file included from /usr/include/c++/4.7/istream:873:0,
                 from /usr/include/c++/4.7/iostream:41,
                 from ../src/main.cpp:1:
/usr/include/c++/4.7/bits/istream.tcc:925:5: note: template<class _CharT, class _Traits> std::basic_istream<_CharT, _Traits>& std::operator>>(std::basic_istream<_CharT, _Traits>&, _CharT&)
/usr/include/c++/4.7/bits/istream.tcc:925:5: note:   template argument deduction/substitution failed:
../src/main.cpp:42:16: note:   deduced conflicting types for parameter ‘_CharT’ (‘char’ and ‘rpn_type {aka fraction}’)
In file included from /usr/include/c++/4.7/istream:873:0,
                 from /usr/include/c++/4.7/iostream:41,
                 from ../src/main.cpp:1:
/usr/include/c++/4.7/bits/istream.tcc:957:5: note: template<class _CharT2, class _Traits2> std::basic_istream<_CharT, _Traits>& std::operator>>(std::basic_istream<_CharT, _Traits>&, _CharT2*)
/usr/include/c++/4.7/bits/istream.tcc:957:5: note:   template argument deduction/substitution failed:
../src/main.cpp:42:16: note:   mismatched types ‘_CharT2*’ and ‘fraction’
In file included from /usr/include/c++/4.7/string:55:0,
                 from /usr/include/c++/4.7/bits/locale_classes.h:42,
                 from /usr/include/c++/4.7/bits/ios_base.h:43,
                 from /usr/include/c++/4.7/ios:43,
                 from /usr/include/c++/4.7/ostream:40,
                 from /usr/include/c++/4.7/iostream:40,
                 from ../src/main.cpp:1:
/usr/include/c++/4.7/bits/basic_string.tcc:998:5: note: template<class _CharT, class _Traits, class _Alloc> std::basic_istream<_CharT, _Traits>& std::operator>>(std::basic_istream<_CharT, _Traits>&, std::basic_string<_CharT, _Traits, _Alloc>&)
/usr/include/c++/4.7/bits/basic_string.tcc:998:5: note:   template argument deduction/substitution failed:
../src/main.cpp:42:16: note:   ‘rpn_type {aka fraction}’ is not derived from ‘std::basic_string<_CharT, _Traits, _Alloc>’
In file included from ../src/rpn.h:4:0,
                 from ../src/main.cpp:6:
../src/pvector.cpp: In instantiation of ‘pvector<T>::~pvector() [with T = fraction]’:
../src/rpn.h:7:7:   required from here
../src/pvector.cpp:27:17: error: no match for ‘operator<<’ in ‘ofs << itr.__gnu_cxx::__normal_iterator<_Iterator, _Container>::operator*<fraction*, std::vector<fraction, std::allocator<fraction> > >()’
../src/pvector.cpp:27:17: note: candidates are:
In file included from /usr/include/c++/4.7/iostream:40:0,
                 from ../src/main.cpp:1:
/usr/include/c++/4.7/ostream:106:7: note: std::basic_ostream<_CharT, _Traits>::__ostream_type& std::basic_ostream<_CharT, _Traits>::operator<<(std::basic_ostream<_CharT, _Traits>::__ostream_type& (*)(std::basic_ostream<_CharT, _Traits>::__ostream_type&)) [with _CharT = char; _Traits = std::char_traits<char>; std::basic_ostream<_CharT, _Traits>::__ostream_type = std::basic_ostream<char>]
/usr/include/c++/4.7/ostream:106:7: note:   no known conversion for argument 1 from ‘fraction’ to ‘std::basic_ostream<char>::__ostream_type& (*)(std::basic_ostream<char>::__ostream_type&) {aka std::basic_ostream<char>& (*)(std::basic_ostream<char>&)}’
/usr/include/c++/4.7/ostream:115:7: note: std::basic_ostream<_CharT, _Traits>::__ostream_type& std::basic_ostream<_CharT, _Traits>::operator<<(std::basic_ostream<_CharT, _Traits>::__ios_type& (*)(std::basic_ostream<_CharT, _Traits>::__ios_type&)) [with _CharT = char; _Traits = std::char_traits<char>; std::basic_ostream<_CharT, _Traits>::__ostream_type = std::basic_ostream<char>; std::basic_ostream<_CharT, _Traits>::__ios_type = std::basic_ios<char>]
/usr/include/c++/4.7/ostream:115:7: note:   no known conversion for argument 1 from ‘fraction’ to ‘std::basic_ostream<char>::__ios_type& (*)(std::basic_ostream<char>::__ios_type&) {aka std::basic_ios<char>& (*)(std::basic_ios<char>&)}’
/usr/include/c++/4.7/ostream:125:7: note: std::basic_ostream<_CharT, _Traits>::__ostream_type& std::basic_ostream<_CharT, _Traits>::operator<<(std::ios_base& (*)(std::ios_base&)) [with _CharT = char; _Traits = std::char_traits<char>; std::basic_ostream<_CharT, _Traits>::__ostream_type = std::basic_ostream<char>]
/usr/include/c++/4.7/ostream:125:7: note:   no known conversion for argument 1 from ‘fraction’ to ‘std::ios_base& (*)(std::ios_base&)’
/usr/include/c++/4.7/ostream:164:7: note: std::basic_ostream<_CharT, _Traits>::__ostream_type& std::basic_ostream<_CharT, _Traits>::operator<<(long int) [with _CharT = char; _Traits = std::char_traits<char>; std::basic_ostream<_CharT, _Traits>::__ostream_type = std::basic_ostream<char>]
/usr/include/c++/4.7/ostream:164:7: note:   no known conversion for argument 1 from ‘fraction’ to ‘long int’
/usr/include/c++/4.7/ostream:168:7: note: std::basic_ostream<_CharT, _Traits>::__ostream_type& std::basic_ostream<_CharT, _Traits>::operator<<(long unsigned int) [with _CharT = char; _Traits = std::char_traits<char>; std::basic_ostream<_CharT, _Traits>::__ostream_type = std::basic_ostream<char>]
/usr/include/c++/4.7/ostream:168:7: note:   no known conversion for argument 1 from ‘fraction’ to ‘long unsigned int’
/usr/include/c++/4.7/ostream:172:7: note: std::basic_ostream<_CharT, _Traits>::__ostream_type& std::basic_ostream<_CharT, _Traits>::operator<<(bool) [with _CharT = char; _Traits = std::char_traits<char>; std::basic_ostream<_CharT, _Traits>::__ostream_type = std::basic_ostream<char>]
/usr/include/c++/4.7/ostream:172:7: note:   no known conversion for argument 1 from ‘fraction’ to ‘bool’
In file included from /usr/include/c++/4.7/ostream:607:0,
                 from /usr/include/c++/4.7/iostream:40,
                 from ../src/main.cpp:1:
/usr/include/c++/4.7/bits/ostream.tcc:93:5: note: std::basic_ostream<_CharT, _Traits>& std::basic_ostream<_CharT, _Traits>::operator<<(short int) [with _CharT = char; _Traits = std::char_traits<char>]
/usr/include/c++/4.7/bits/ostream.tcc:93:5: note:   no known conversion for argument 1 from ‘fraction’ to ‘short int’
In file included from /usr/include/c++/4.7/iostream:40:0,
                 from ../src/main.cpp:1:
/usr/include/c++/4.7/ostream:179:7: note: std::basic_ostream<_CharT, _Traits>::__ostream_type& std::basic_ostream<_CharT, _Traits>::operator<<(short unsigned int) [with _CharT = char; _Traits = std::char_traits<char>; std::basic_ostream<_CharT, _Traits>::__ostream_type = std::basic_ostream<char>]
/usr/include/c++/4.7/ostream:179:7: note:   no known conversion for argument 1 from ‘fraction’ to ‘short unsigned int’
In file included from /usr/include/c++/4.7/ostream:607:0,
                 from /usr/include/c++/4.7/iostream:40,
                 from ../src/main.cpp:1:
/usr/include/c++/4.7/bits/ostream.tcc:107:5: note: std::basic_ostream<_CharT, _Traits>& std::basic_ostream<_CharT, _Traits>::operator<<(int) [with _CharT = char; _Traits = std::char_traits<char>]
/usr/include/c++/4.7/bits/ostream.tcc:107:5: note:   no known conversion for argument 1 from ‘fraction’ to ‘int’
In file included from /usr/include/c++/4.7/iostream:40:0,
                 from ../src/main.cpp:1:
/usr/include/c++/4.7/ostream:190:7: note: std::basic_ostream<_CharT, _Traits>::__ostream_type& std::basic_ostream<_CharT, _Traits>::operator<<(unsigned int) [with _CharT = char; _Traits = std::char_traits<char>; std::basic_ostream<_CharT, _Traits>::__ostream_type = std::basic_ostream<char>]
/usr/include/c++/4.7/ostream:190:7: note:   no known conversion for argument 1 from ‘fraction’ to ‘unsigned int’
/usr/include/c++/4.7/ostream:199:7: note: std::basic_ostream<_CharT, _Traits>::__ostream_type& std::basic_ostream<_CharT, _Traits>::operator<<(long long int) [with _CharT = char; _Traits = std::char_traits<char>; std::basic_ostream<_CharT, _Traits>::__ostream_type = std::basic_ostream<char>]
/usr/include/c++/4.7/ostream:199:7: note:   no known conversion for argument 1 from ‘fraction’ to ‘long long int’
/usr/include/c++/4.7/ostream:203:7: note: std::basic_ostream<_CharT, _Traits>::__ostream_type& std::basic_ostream<_CharT, _Traits>::operator<<(long long unsigned int) [with _CharT = char; _Traits = std::char_traits<char>; std::basic_ostream<_CharT, _Traits>::__ostream_type = std::basic_ostream<char>]
/usr/include/c++/4.7/ostream:203:7: note:   no known conversion for argument 1 from ‘fraction’ to ‘long long unsigned int’
/usr/include/c++/4.7/ostream:218:7: note: std::basic_ostream<_CharT, _Traits>::__ostream_type& std::basic_ostream<_CharT, _Traits>::operator<<(double) [with _CharT = char; _Traits = std::char_traits<char>; std::basic_ostream<_CharT, _Traits>::__ostream_type = std::basic_ostream<char>]
/usr/include/c++/4.7/ostream:218:7: note:   no known conversion for argument 1 from ‘fraction’ to ‘double’
/usr/include/c++/4.7/ostream:222:7: note: std::basic_ostream<_CharT, _Traits>::__ostream_type& std::basic_ostream<_CharT, _Traits>::operator<<(float) [with _CharT = char; _Traits = std::char_traits<char>; std::basic_ostream<_CharT, _Traits>::__ostream_type = std::basic_ostream<char>]
/usr/include/c++/4.7/ostream:222:7: note:   no known conversion for argument 1 from ‘fraction’ to ‘float’
/usr/include/c++/4.7/ostream:230:7: note: std::basic_ostream<_CharT, _Traits>::__ostream_type& std::basic_ostream<_CharT, _Traits>::operator<<(long double) [with _CharT = char; _Traits = std::char_traits<char>; std::basic_ostream<_CharT, _Traits>::__ostream_type = std::basic_ostream<char>]
/usr/include/c++/4.7/ostream:230:7: note:   no known conversion for argument 1 from ‘fraction’ to ‘long double’
/usr/include/c++/4.7/ostream:243:7: note: std::basic_ostream<_CharT, _Traits>::__ostream_type& std::basic_ostream<_CharT, _Traits>::operator<<(const void*) [with _CharT = char; _Traits = std::char_traits<char>; std::basic_ostream<_CharT, _Traits>::__ostream_type = std::basic_ostream<char>]
/usr/include/c++/4.7/ostream:243:7: note:   no known conversion for argument 1 from ‘fraction’ to ‘const void*’
In file included from /usr/include/c++/4.7/ostream:607:0,
                 from /usr/include/c++/4.7/iostream:40,
                 from ../src/main.cpp:1:
/usr/include/c++/4.7/bits/ostream.tcc:121:5: note: std::basic_ostream<_CharT, _Traits>& std::basic_ostream<_CharT, _Traits>::operator<<(std::basic_ostream<_CharT, _Traits>::__streambuf_type*) [with _CharT = char; _Traits = std::char_traits<char>; std::basic_ostream<_CharT, _Traits>::__streambuf_type = std::basic_streambuf<char>]
/usr/include/c++/4.7/bits/ostream.tcc:121:5: note:   no known conversion for argument 1 from ‘fraction’ to ‘std::basic_ostream<char>::__streambuf_type* {aka std::basic_streambuf<char>*}’
In file included from /usr/include/c++/4.7/iostream:40:0,
                 from ../src/main.cpp:1:
/usr/include/c++/4.7/ostream:546:5: note: template<class _Traits> std::basic_ostream<char, _Traits>& std::operator<<(std::basic_ostream<char, _Traits>&, const unsigned char*)
/usr/include/c++/4.7/ostream:546:5: note:   template argument deduction/substitution failed:
In file included from ../src/rpn.h:4:0,
                 from ../src/main.cpp:6:
../src/pvector.cpp:27:17: note:   cannot convert ‘itr.__gnu_cxx::__normal_iterator<_Iterator, _Container>::operator*<fraction*, std::vector<fraction, std::allocator<fraction> > >()’ (type ‘fraction’) to type ‘const unsigned char*’
In file included from /usr/include/c++/4.7/iostream:40:0,
                 from ../src/main.cpp:1:
/usr/include/c++/4.7/ostream:541:5: note: template<class _Traits> std::basic_ostream<char, _Traits>& std::operator<<(std::basic_ostream<char, _Traits>&, const signed char*)
/usr/include/c++/4.7/ostream:541:5: note:   template argument deduction/substitution failed:
In file included from ../src/rpn.h:4:0,
                 from ../src/main.cpp:6:
../src/pvector.cpp:27:17: note:   cannot convert ‘itr.__gnu_cxx::__normal_iterator<_Iterator, _Container>::operator*<fraction*, std::vector<fraction, std::allocator<fraction> > >()’ (type ‘fraction’) to type ‘const signed char*’
In file included from /usr/include/c++/4.7/iostream:40:0,
                 from ../src/main.cpp:1:
/usr/include/c++/4.7/ostream:528:5: note: template<class _Traits> std::basic_ostream<char, _Traits>& std::operator<<(std::basic_ostream<char, _Traits>&, const char*)
/usr/include/c++/4.7/ostream:528:5: note:   template argument deduction/substitution failed:
In file included from ../src/rpn.h:4:0,
                 from ../src/main.cpp:6:
../src/pvector.cpp:27:17: note:   cannot convert ‘itr.__gnu_cxx::__normal_iterator<_Iterator, _Container>::operator*<fraction*, std::vector<fraction, std::allocator<fraction> > >()’ (type ‘fraction’) to type ‘const char*’
In file included from /usr/include/c++/4.7/ostream:607:0,
                 from /usr/include/c++/4.7/iostream:40,
                 from ../src/main.cpp:1:
/usr/include/c++/4.7/bits/ostream.tcc:323:5: note: template<class _CharT, class _Traits> std::basic_ostream<_CharT, _Traits>& std::operator<<(std::basic_ostream<_CharT, _Traits>&, const char*)
/usr/include/c++/4.7/bits/ostream.tcc:323:5: note:   template argument deduction/substitution failed:
In file included from ../src/rpn.h:4:0,
                 from ../src/main.cpp:6:
../src/pvector.cpp:27:17: note:   cannot convert ‘itr.__gnu_cxx::__normal_iterator<_Iterator, _Container>::operator*<fraction*, std::vector<fraction, std::allocator<fraction> > >()’ (type ‘fraction’) to type ‘const char*’
In file included from /usr/include/c++/4.7/iostream:40:0,
                 from ../src/main.cpp:1:
/usr/include/c++/4.7/ostream:511:5: note: template<class _CharT, class _Traits> std::basic_ostream<_CharT, _Traits>& std::operator<<(std::basic_ostream<_CharT, _Traits>&, const _CharT*)
/usr/include/c++/4.7/ostream:511:5: note:   template argument deduction/substitution failed:
In file included from ../src/rpn.h:4:0,
                 from ../src/main.cpp:6:
../src/pvector.cpp:27:17: note:   mismatched types ‘const _CharT*’ and ‘fraction’
In file included from /usr/include/c++/4.7/iostream:40:0,
                 from ../src/main.cpp:1:
/usr/include/c++/4.7/ostream:491:5: note: template<class _Traits> std::basic_ostream<char, _Traits>& std::operator<<(std::basic_ostream<char, _Traits>&, unsigned char)
/usr/include/c++/4.7/ostream:491:5: note:   template argument deduction/substitution failed:
In file included from ../src/rpn.h:4:0,
                 from ../src/main.cpp:6:
../src/pvector.cpp:27:17: note:   cannot convert ‘itr.__gnu_cxx::__normal_iterator<_Iterator, _Container>::operator*<fraction*, std::vector<fraction, std::allocator<fraction> > >()’ (type ‘fraction’) to type ‘unsigned char’
In file included from /usr/include/c++/4.7/iostream:40:0,
                 from ../src/main.cpp:1:
/usr/include/c++/4.7/ostream:486:5: note: template<class _Traits> std::basic_ostream<char, _Traits>& std::operator<<(std::basic_ostream<char, _Traits>&, signed char)
/usr/include/c++/4.7/ostream:486:5: note:   template argument deduction/substitution failed:
In file included from ../src/rpn.h:4:0,
                 from ../src/main.cpp:6:
../src/pvector.cpp:27:17: note:   cannot convert ‘itr.__gnu_cxx::__normal_iterator<_Iterator, _Container>::operator*<fraction*, std::vector<fraction, std::allocator<fraction> > >()’ (type ‘fraction’) to type ‘signed char’
In file included from /usr/include/c++/4.7/iostream:40:0,
                 from ../src/main.cpp:1:
/usr/include/c++/4.7/ostream:480:5: note: template<class _Traits> std::basic_ostream<char, _Traits>& std::operator<<(std::basic_ostream<char, _Traits>&, char)
/usr/include/c++/4.7/ostream:480:5: note:   template argument deduction/substitution failed:
In file included from ../src/rpn.h:4:0,
                 from ../src/main.cpp:6:
../src/pvector.cpp:27:17: note:   cannot convert ‘itr.__gnu_cxx::__normal_iterator<_Iterator, _Container>::operator*<fraction*, std::vector<fraction, std::allocator<fraction> > >()’ (type ‘fraction’) to type ‘char’
In file included from /usr/include/c++/4.7/iostream:40:0,
                 from ../src/main.cpp:1:
/usr/include/c++/4.7/ostream:474:5: note: template<class _CharT, class _Traits> std::basic_ostream<_CharT, _Traits>& std::operator<<(std::basic_ostream<_CharT, _Traits>&, char)
/usr/include/c++/4.7/ostream:474:5: note:   template argument deduction/substitution failed:
In file included from ../src/rpn.h:4:0,
                 from ../src/main.cpp:6:
../src/pvector.cpp:27:17: note:   cannot convert ‘itr.__gnu_cxx::__normal_iterator<_Iterator, _Container>::operator*<fraction*, std::vector<fraction, std::allocator<fraction> > >()’ (type ‘fraction’) to type ‘char’
In file included from /usr/include/c++/4.7/iostream:40:0,
                 from ../src/main.cpp:1:
/usr/include/c++/4.7/ostream:469:5: note: template<class _CharT, class _Traits> std::basic_ostream<_CharT, _Traits>& std::operator<<(std::basic_ostream<_CharT, _Traits>&, _CharT)
/usr/include/c++/4.7/ostream:469:5: note:   template argument deduction/substitution failed:
In file included from ../src/rpn.h:4:0,
                 from ../src/main.cpp:6:
../src/pvector.cpp:27:17: note:   deduced conflicting types for parameter ‘_CharT’ (‘char’ and ‘fraction’)
In file included from /usr/include/c++/4.7/string:54:0,
                 from /usr/include/c++/4.7/bits/locale_classes.h:42,
                 from /usr/include/c++/4.7/bits/ios_base.h:43,
                 from /usr/include/c++/4.7/ios:43,
                 from /usr/include/c++/4.7/ostream:40,
                 from /usr/include/c++/4.7/iostream:40,
                 from ../src/main.cpp:1:
/usr/include/c++/4.7/bits/basic_string.h:2750:5: note: template<class _CharT, class _Traits, class _Alloc> std::basic_ostream<_CharT, _Traits>& std::operator<<(std::basic_ostream<_CharT, _Traits>&, const std::basic_string<_CharT, _Traits, _Alloc>&)
/usr/include/c++/4.7/bits/basic_string.h:2750:5: note:   template argument deduction/substitution failed:
In file included from ../src/rpn.h:4:0,
                 from ../src/main.cpp:6:
../src/pvector.cpp:27:17: note:   ‘fraction’ is not derived from ‘const std::basic_string<_CharT, _Traits, _Alloc>’
make: *** [src/main.o] Error 1

13:47:14 Build Finished (took 6s.722ms)

